<?xml version="1.0" encoding="UTF-8"?>
<!-- Generated by org.testng.reporters.JUnitReportReporter -->
<testsuite hostname="ISSLSupport" failures="0" tests="2" name="test.loginTests" time="7.981" errors="0" timestamp="2023-06-17T15:54:59 WAT" skipped="0">
  <testcase classname="test.loginTests" name="ValidLogin" time="3.250"/>
  <system-out/>
  <testcase classname="test.loginTests" name="InvalidLogin" time="4.731"/>
  <system-out/>
</testsuite> <!-- test.loginTests -->
